# JRE version: OpenJDK Runtime Environment (17.0.6) (build 17.0.6+0-b2043.56-9586694)
# Java VM: OpenJDK 64-Bit Server VM (17.0.6+0-b2043.56-9586694, mixed mode, tiered, compressed oops, compressed class ptrs, g1 gc, windows-amd64)
GC Precious Log:
 CPUs: 8 total, 8 available
 Memory: 7965M
 Large Page Support: Disabled
 NUMA Support: Disabled
 Compressed Oops: Enabled (32-bit)
 Heap Region Size: 1M
 Heap Min Capacity: 8M
 Heap Initial Capacity: 126M
 Heap Max Capacity: 2G
 Pre-touch: Disabled
 Parallel Workers: 8
 Concurrent Workers: 2
 Concurrent Refinement Workers: 8
 Periodic GC: Disabled
Heap:
 garbage-first heap   total 398336K, used 150888K [0x0000000080000000, 0x0000000100000000)
  region size 1024K, 8 young (8192K), 8 survivors (8192K)
 Metaspace       used 150374K, committed 151488K, reserved 1187840K
  class space    used 19967K, committed 20480K, reserved 1048576K
GC Heap History (20 events):
Event: 808.136 GC heap after
{Heap after GC invocations=70 (full 0):
 garbage-first heap   total 289792K, used 206095K [0x0000000080000000, 0x0000000100000000)
  region size 1024K, 6 young (6144K), 6 survivors (6144K)
 Metaspace       used 145601K, committed 146624K, reserved 1179648K
  class space    used 19646K, committed 20096K, reserved 1048576K
}
Event: 808.686 GC heap before
{Heap before GC invocations=70 (full 0):
 garbage-first heap   total 289792K, used 252175K [0x0000000080000000, 0x0000000100000000)
  region size 1024K, 34 young (34816K), 6 survivors (6144K)
 Metaspace       used 145783K, committed 146816K, reserved 1179648K
  class space    used 19658K, committed 20096K, reserved 1048576K
}
Event: 808.709 GC heap after
{Heap after GC invocations=71 (full 0):
 garbage-first heap   total 398336K, used 221857K [0x0000000080000000, 0x0000000100000000)
  region size 1024K, 2 young (2048K), 2 survivors (2048K)
 Metaspace       used 145783K, committed 146816K, reserved 1179648K
  class space    used 19658K, committed 20096K, reserved 1048576K
}
Event: 1801.120 GC heap before
{Heap before GC invocations=71 (full 0):
 garbage-first heap   total 398336K, used 325281K [0x0000000080000000, 0x0000000100000000)
  region size 1024K, 74 young (75776K), 2 survivors (2048K)
 Metaspace       used 146108K, committed 147136K, reserved 1179648K
  class space    used 19672K, committed 20096K, reserved 1048576K
}
Event: 1801.236 GC heap after
{Heap after GC invocations=72 (full 0):
 garbage-first heap   total 398336K, used 206740K [0x0000000080000000, 0x0000000100000000)
  region size 1024K, 3 young (3072K), 3 survivors (3072K)
 Metaspace       used 146108K, committed 147136K, reserved 1179648K
  class space    used 19672K, committed 20096K, reserved 1048576K
}
Event: 1807.323 GC heap before
{Heap before GC invocations=73 (full 0):
 garbage-first heap   total 398336K, used 317332K [0x0000000080000000, 0x0000000100000000)
  region size 1024K, 131 young (134144K), 3 survivors (3072K)
 Metaspace       used 146398K, committed 147392K, reserved 1179648K
  class space    used 19684K, committed 20160K, reserved 1048576K
}
Event: 1807.379 GC heap after
{Heap after GC invocations=74 (full 0):
 garbage-first heap   total 398336K, used 202601K [0x0000000080000000, 0x0000000100000000)
  region size 1024K, 17 young (17408K), 17 survivors (17408K)
 Metaspace       used 146398K, committed 147392K, reserved 1179648K
  class space    used 19684K, committed 20160K, reserved 1048576K
}
Event: 1807.384 GC heap before
{Heap before GC invocations=74 (full 0):
 garbage-first heap   total 398336K, used 203625K [0x0000000080000000, 0x0000000100000000)
  region size 1024K, 19 young (19456K), 17 survivors (17408K)
 Metaspace       used 146398K, committed 147392K, reserved 1179648K
  class space    used 19684K, committed 20160K, reserved 1048576K
}
Event: 1807.504 GC heap after
{Heap after GC invocations=75 (full 0):
 garbage-first heap   total 398336K, used 168099K [0x0000000080000000, 0x0000000100000000)
  region size 1024K, 3 young (3072K), 3 survivors (3072K)
 Metaspace       used 146398K, committed 147392K, reserved 1179648K
  class space    used 19684K, committed 20160K, reserved 1048576K
}
Event: 1807.704 GC heap before
{Heap before GC invocations=75 (full 0):
 garbage-first heap   total 398336K, used 183459K [0x0000000080000000, 0x0000000100000000)
  region size 1024K, 19 young (19456K), 3 survivors (3072K)
 Metaspace       used 146420K, committed 147456K, reserved 1179648K
  class space    used 19687K, committed 20160K, reserved 1048576K
}
Event: 1807.735 GC heap after
{Heap after GC invocations=76 (full 0):
 garbage-first heap   total 398336K, used 156857K [0x0000000080000000, 0x0000000100000000)
  region size 1024K, 2 young (2048K), 2 survivors (2048K)
 Metaspace       used 146420K, committed 147456K, reserved 1179648K
  class space    used 19687K, committed 20160K, reserved 1048576K
}
Event: 1810.452 GC heap before
{Heap before GC invocations=76 (full 0):
 garbage-first heap   total 398336K, used 323769K [0x0000000080000000, 0x0000000100000000)
  region size 1024K, 163 young (166912K), 2 survivors (2048K)
 Metaspace       used 149452K, committed 150464K, reserved 1179648K
  class space    used 19881K, committed 20352K, reserved 1048576K
}
Event: 1810.456 GC heap after
{Heap after GC invocations=77 (full 0):
 garbage-first heap   total 398336K, used 160660K [0x0000000080000000, 0x0000000100000000)
  region size 1024K, 4 young (4096K), 4 survivors (4096K)
 Metaspace       used 149452K, committed 150464K, reserved 1179648K
  class space    used 19881K, committed 20352K, reserved 1048576K
}
Event: 1810.940 GC heap before
{Heap before GC invocations=77 (full 0):
 garbage-first heap   total 398336K, used 196500K [0x0000000080000000, 0x0000000100000000)
  region size 1024K, 18 young (18432K), 4 survivors (4096K)
 Metaspace       used 149675K, committed 150656K, reserved 1179648K
  class space    used 19905K, committed 20352K, reserved 1048576K
}
Event: 1810.943 GC heap after
{Heap after GC invocations=78 (full 0):
 garbage-first heap   total 398336K, used 179308K [0x0000000080000000, 0x0000000100000000)
  region size 1024K, 3 young (3072K), 3 survivors (3072K)
 Metaspace       used 149675K, committed 150656K, reserved 1179648K
  class space    used 19905K, committed 20352K, reserved 1048576K
}
Event: 3521.781 GC heap before
{Heap before GC invocations=79 (full 0):
 garbage-first heap   total 398336K, used 361580K [0x0000000080000000, 0x0000000100000000)
  region size 1024K, 156 young (159744K), 3 survivors (3072K)
 Metaspace       used 150259K, committed 151296K, reserved 1179648K
  class space    used 19954K, committed 20416K, reserved 1048576K
}
Event: 3521.899 GC heap after
{Heap after GC invocations=80 (full 0):
 garbage-first heap   total 398336K, used 162994K [0x0000000080000000, 0x0000000100000000)
  region size 1024K, 8 young (8192K), 8 survivors (8192K)
 Metaspace       used 150259K, committed 151296K, reserved 1179648K
  class space    used 19954K, committed 20416K, reserved 1048576K
}
Event: 3522.196 GC heap before
{Heap before GC invocations=80 (full 0):
 garbage-first heap   total 398336K, used 174258K [0x0000000080000000, 0x0000000100000000)
  region size 1024K, 19 young (19456K), 8 survivors (8192K)
 Metaspace       used 150262K, committed 151296K, reserved 1179648K
  class space    used 19954K, committed 20416K, reserved 1048576K
}
Event: 3522.331 GC heap after
{Heap after GC invocations=81 (full 0):
 garbage-first heap   total 398336K, used 145323K [0x0000000080000000, 0x0000000100000000)
  region size 1024K, 2 young (2048K), 2 survivors (2048K)
 Metaspace       used 150262K, committed 151296K, reserved 1179648K
  class space    used 19954K, committed 20416K, reserved 1048576K
}
Event: 3523.628 GC heap before
{Heap before GC invocations=81 (full 0):
 garbage-first heap   total 398336K, used 173995K [0x0000000080000000, 0x0000000100000000)
  region size 1024K, 31 young (31744K), 2 survivors (2048K)
 Metaspace       used 150374K, committed 151488K, reserved 1187840K
  class space    used 19967K, committed 20480K, reserved 1048576K
}

